<?xml version="1.0" encoding="UTF-8"?>
<testsuite xmlns:xsi="http://www.w3.org/2001/XMLSchema-instance" xsi:noNamespaceSchemaLocation="https://maven.apache.org/surefire/maven-surefire-plugin/xsd/surefire-test-report-3.0.xsd" version="3.0" name="ex.controlefinanceiro.model.ControleFinanceiroTest" time="0.006" tests="0" errors="0" skipped="0" failures="0">
  <properties>
    <property name="java.specification.version" value="21"/>
    <property name="sun.cpu.isalist" value="amd64"/>
    <property name="sun.jnu.encoding" value="Cp1252"/>
    <property name="java.class.path" value="C:\Users\ADM\Desktop\BCC\Semestre 2\POO\controleFinanceiro\controleFinanceiro\target\test-classes;C:\Users\ADM\Desktop\BCC\Semestre 2\POO\controleFinanceiro\controleFinanceiro\target\classes;"/>
    <property name="java.vm.vendor" value="Eclipse Adoptium"/>
    <property name="sun.arch.data.model" value="64"/>
    <property name="user.variant" value=""/>
    <property name="java.vendor.url" value="https://adoptium.net/"/>
    <property name="user.timezone" value="America/Sao_Paulo"/>
    <property name="os.name" value="Windows 10"/>
    <property name="java.vm.specification.version" value="21"/>
    <property name="user.country" value="BR"/>
    <property name="sun.java.launcher" value="SUN_STANDARD"/>
    <property name="sun.boot.library.path" value="C:\Program Files\Eclipse Adoptium\jdk-21.0.4.7-hotspot\bin"/>
    <property name="sun.java.command" value="C:\Users\ADM\AppData\Local\Temp\surefire17867119920004016288\surefirebooter-20250614162712216_3.jar C:\Users\ADM\AppData\Local\Temp\surefire17867119920004016288 2025-06-14T16-27-11_298-jvmRun1 surefire-20250614162712216_1tmp surefire_0-20250614162712216_2tmp"/>
    <property name="jdk.debug" value="release"/>
    <property name="test" value="ex.controlefinanceiro.model.ControleFinanceiroTest"/>
    <property name="surefire.test.class.path" value="C:\Users\ADM\Desktop\BCC\Semestre 2\POO\controleFinanceiro\controleFinanceiro\target\test-classes;C:\Users\ADM\Desktop\BCC\Semestre 2\POO\controleFinanceiro\controleFinanceiro\target\classes;"/>
    <property name="sun.cpu.endian" value="little"/>
    <property name="user.home" value="C:\Users\ADM"/>
    <property name="user.language" value="pt"/>
    <property name="java.specification.vendor" value="Oracle Corporation"/>
    <property name="java.version.date" value="2024-07-16"/>
    <property name="java.home" value="C:\Program Files\Eclipse Adoptium\jdk-21.0.4.7-hotspot"/>
    <property name="file.separator" value="\"/>
    <property name="basedir" value="C:\Users\ADM\Desktop\BCC\Semestre 2\POO\controleFinanceiro\controleFinanceiro"/>
    <property name="java.vm.compressedOopsMode" value="32-bit"/>
    <property name="line.separator" value="&#10;"/>
    <property name="java.vm.specification.vendor" value="Oracle Corporation"/>
    <property name="java.specification.name" value="Java Platform API Specification"/>
    <property name="surefire.real.class.path" value="C:\Users\ADM\AppData\Local\Temp\surefire17867119920004016288\surefirebooter-20250614162712216_3.jar"/>
    <property name="user.script" value=""/>
    <property name="sun.management.compiler" value="HotSpot 64-Bit Tiered Compilers"/>
    <property name="java.runtime.version" value="21.0.4+7-LTS"/>
    <property name="user.name" value="ADM"/>
    <property name="stdout.encoding" value="Cp1252"/>
    <property name="path.separator" value=";"/>
    <property name="os.version" value="10.0"/>
    <property name="java.runtime.name" value="OpenJDK Runtime Environment"/>
    <property name="file.encoding" value="UTF-8"/>
    <property name="java.vm.name" value="OpenJDK 64-Bit Server VM"/>
    <property name="java.vendor.version" value="Temurin-21.0.4+7"/>
    <property name="maven.ext.class.path" value="C:\Program Files\NetBeans-23\netbeans\java\maven-nblib\netbeans-eventspy.jar"/>
    <property name="localRepository" value="C:\Users\ADM\.m2\repository"/>
    <property name="java.vendor.url.bug" value="https://github.com/adoptium/adoptium-support/issues"/>
    <property name="java.io.tmpdir" value="C:\Users\ADM\AppData\Local\Temp\"/>
    <property name="java.version" value="21.0.4"/>
    <property name="user.dir" value="C:\Users\ADM\Desktop\BCC\Semestre 2\POO\controleFinanceiro\controleFinanceiro"/>
    <property name="os.arch" value="amd64"/>
    <property name="java.vm.specification.name" value="Java Virtual Machine Specification"/>
    <property name="sun.os.patch.level" value=""/>
    <property name="native.encoding" value="Cp1252"/>
    <property name="java.library.path" value="C:\Program Files\Eclipse Adoptium\jdk-21.0.4.7-hotspot\bin;C:\WINDOWS\Sun\Java\bin;C:\WINDOWS\system32;C:\WINDOWS;C:\Program Files\Eclipse Adoptium\jdk-21.0.4.7-hotspot\bin;C:\WINDOWS\system32;C:\WINDOWS;C:\WINDOWS\System32\Wbem;C:\WINDOWS\System32\WindowsPowerShell\v1.0\;C:\WINDOWS\System32\OpenSSH\;C:\ProgramData\UNIVALI\Portugol Studio;C:\Program Files\NVIDIA Corporation\NVIDIA NvDLISR;C:\Program Files (x86)\NVIDIA Corporation\PhysX\Common;C:\Program Files\Git\cmd;C:\Program Files\nodejs\;C:\Program Files\dotnet\;C:\Program Files (x86)\Mitov\Visuino Pro;C:\Users\ADM\AppData\Roaming\jupyterlab-desktop\jlab_server;C:\Users\ADM\AppData\Roaming\jupyterlab-desktop\jlab_server\Library\mingw-w64\bin;C:\Users\ADM\AppData\Roaming\jupyterlab-desktop\jlab_server\Library\usr\bin;C:\Users\ADM\AppData\Roaming\jupyterlab-desktop\jlab_server\Library\bin;C:\Users\ADM\AppData\Roaming\jupyterlab-desktop\jlab_server\Scripts;C:\Users\ADM\AppData\Local\Microsoft\WindowsApps;C:\Users\ADM\AppData\Local\Programs\Microsoft VS Code\bin;C:\Users\ADM\AppData\Roaming\npm;."/>
    <property name="java.vm.info" value="mixed mode, sharing"/>
    <property name="stderr.encoding" value="Cp1252"/>
    <property name="java.vendor" value="Eclipse Adoptium"/>
    <property name="java.vm.version" value="21.0.4+7-LTS"/>
    <property name="sun.io.unicode.encoding" value="UnicodeLittle"/>
    <property name="java.class.version" value="65.0"/>
  </properties>
</testsuite>